<?xml version="1.0" encoding="UTF-8"?>
<testsuite name="com.uca.Tests" tests="6" skipped="0" failures="0" errors="0" timestamp="2023-04-23T19:53:25" hostname="vdilinux16" time="0.074">
  <properties/>
  <testcase name="testAll()" classname="com.uca.Tests" time="0.065"/>
  <testcase name="testAnt()" classname="com.uca.Tests" time="0.002"/>
  <testcase name="testRepeatSymbol()" classname="com.uca.Tests" time="0.001"/>
  <testcase name="testConverter()" classname="com.uca.Tests" time="0.001"/>
  <testcase name="testInterval()" classname="com.uca.Tests" time="0.001"/>
  <testcase name="testRepeat()" classname="com.uca.Tests" time="0.001"/>
  <system-out><![CDATA[]]></system-out>
  <system-err><![CDATA[]]></system-err>
</testsuite>
